{"uid":"907c1a7c6e1b0559","name":"Customer doesn't fill the first name","fullName":"app.tests.test_registration_page#test_empty_first_name","historyId":"c6cb72558d17c16c550516eaf944190a","time":{"start":1682964572713,"stop":1682964572713,"duration":0},"status":"broken","statusMessage":"KeyError: 'headless'","statusTrace":"config = {'browser': 'chrome', 'hub': 'localhost', 'remote': True, 'version': '109.0'}\n\n    @pytest.fixture(scope=\"class\")\n    def wd(config):\n        if config[\"remote\"] is True:\n>           driver = create_remote_driver(config)\n\napp/tests/conftest.py:123: \n_ _ _ _ _ _ _ _ _ _ _ _ _ _ _ _ _ _ _ _ _ _ _ _ _ _ _ _ _ _ _ _ _ _ _ _ _ _ _ _ \napp/tests/conftest.py:63: in create_remote_driver\n    options = get_chrome_options(config)\n_ _ _ _ _ _ _ _ _ _ _ _ _ _ _ _ _ _ _ _ _ _ _ _ _ _ _ _ _ _ _ _ _ _ _ _ _ _ _ _ \n\nconfig = {'browser': 'chrome', 'hub': 'localhost', 'remote': True, 'version': '109.0'}\n\n    def get_chrome_options(config):\n        options = ChromeOptions()\n>       options.headless = config[\"headless\"]\nE       KeyError: 'headless'\n\napp/tests/conftest.py:38: KeyError","flaky":false,"newFailed":false,"newBroken":false,"newPassed":false,"retriesCount":0,"retriesStatusChange":false,"beforeStages":[{"name":"_session_faker","time":{"start":1682964572714,"stop":1682964572787,"duration":73},"status":"passed","steps":[],"attachments":[],"parameters":[],"stepsCount":0,"attachmentsCount":0,"shouldDisplayMessage":false,"hasContent":false},{"name":"load_env","time":{"start":1682964572787,"stop":1682964572788,"duration":1},"status":"passed","steps":[],"attachments":[],"parameters":[],"stepsCount":0,"attachmentsCount":0,"shouldDisplayMessage":false,"hasContent":false},{"name":"config","time":{"start":1682964572788,"stop":1682964572788,"duration":0},"status":"passed","steps":[],"attachments":[],"parameters":[],"stepsCount":0,"attachmentsCount":0,"shouldDisplayMessage":false,"hasContent":false},{"name":"wd","time":{"start":1682964572788,"stop":1682964572788,"duration":0},"status":"broken","statusMessage":"KeyError: 'headless'\n","statusTrace":"  File \"/opt/hostedtoolcache/Python/3.11.3/x64/lib/python3.11/site-packages/pluggy/_callers.py\", line 39, in _multicall\n    res = hook_impl.function(*args)\n          ^^^^^^^^^^^^^^^^^^^^^^^^^\n  File \"/opt/hostedtoolcache/Python/3.11.3/x64/lib/python3.11/site-packages/_pytest/fixtures.py\", line 1129, in pytest_fixture_setup\n    result = call_fixture_func(fixturefunc, request, kwargs)\n             ^^^^^^^^^^^^^^^^^^^^^^^^^^^^^^^^^^^^^^^^^^^^^^^\n  File \"/opt/hostedtoolcache/Python/3.11.3/x64/lib/python3.11/site-packages/_pytest/fixtures.py\", line 901, in call_fixture_func\n    fixture_result = next(generator)\n                     ^^^^^^^^^^^^^^^\n  File \"/home/runner/work/cfi/cfi/app/tests/conftest.py\", line 123, in wd\n    driver = create_remote_driver(config)\n             ^^^^^^^^^^^^^^^^^^^^^^^^^^^^\n  File \"/home/runner/work/cfi/cfi/app/tests/conftest.py\", line 63, in create_remote_driver\n    options = get_chrome_options(config)\n              ^^^^^^^^^^^^^^^^^^^^^^^^^^\n  File \"/home/runner/work/cfi/cfi/app/tests/conftest.py\", line 38, in get_chrome_options\n    options.headless = config[\"headless\"]\n                       ~~~~~~^^^^^^^^^^^^\n","steps":[],"attachments":[],"parameters":[],"stepsCount":0,"attachmentsCount":0,"shouldDisplayMessage":true,"hasContent":true}],"afterStages":[],"labels":[{"name":"severity","value":"normal"},{"name":"feature","value":"Registration page"},{"name":"owner","value":"SergeiT"},{"name":"tag","value":"id 1.2"},{"name":"parentSuite","value":"app.tests"},{"name":"suite","value":"test_registration_page"},{"name":"host","value":"fv-az614-882"},{"name":"thread","value":"2557-MainThread"},{"name":"framework","value":"pytest"},{"name":"language","value":"cpython3"},{"name":"package","value":"app.tests.test_registration_page"},{"name":"resultFormat","value":"allure2"}],"parameters":[],"links":[],"hidden":false,"retry":false,"extra":{"severity":"normal","owner":"SergeiT","retries":[],"categories":[{"name":"Test defects","matchedStatuses":[],"flaky":false}],"history":{"statistic":{"failed":0,"broken":4,"skipped":0,"passed":3,"unknown":0,"total":7},"items":[{"uid":"e678340afb45cd76","reportUrl":"https://uraniumcore238.github.io/cfi/11//#testresult/e678340afb45cd76","status":"broken","statusDetails":"KeyError: 'headless'","time":{"start":1682964042490,"stop":1682964042490,"duration":0}},{"uid":"fdec8b3e3464a37d","reportUrl":"https://uraniumcore238.github.io/cfi/10//#testresult/fdec8b3e3464a37d","status":"passed","time":{"start":1682963838146,"stop":1682963843410,"duration":5264}},{"uid":"bb09ee7f43f2c907","reportUrl":"https://uraniumcore238.github.io/cfi/9//#testresult/bb09ee7f43f2c907","status":"passed","time":{"start":1682963287615,"stop":1682963294718,"duration":7103}},{"uid":"156f1241968aaf07","reportUrl":"https://uraniumcore238.github.io/cfi/7//#testresult/156f1241968aaf07","status":"passed","time":{"start":1682961407018,"stop":1682961410338,"duration":3320}},{"uid":"fae7f344e655e1b","reportUrl":"https://uraniumcore238.github.io/cfi/6//#testresult/fae7f344e655e1b","status":"broken","statusDetails":"selenium.common.exceptions.WebDriverException: Message: unknown error: Chrome failed to start: exited abnormally.\n  (unknown error: DevToolsActivePort file doesn't exist)\n  (The process started from chrome location /usr/bin/google-chrome is no longer running, so ChromeDriver is assuming that Chrome has crashed.)\nStacktrace:\n#0 0x556dff4b2fe3 <unknown>\n#1 0x556dff1f1d36 <unknown>\n#2 0x556dff21ab20 <unknown>\n#3 0x556dff216a9b <unknown>\n#4 0x556dff258af7 <unknown>\n#5 0x556dff25811f <unknown>\n#6 0x556dff24f693 <unknown>\n#7 0x556dff22203a <unknown>\n#8 0x556dff22317e <unknown>\n#9 0x556dff474dbd <unknown>\n#10 0x556dff478c6c <unknown>\n#11 0x556dff4824b0 <unknown>\n#12 0x556dff479d63 <unknown>\n#13 0x556dff44cc35 <unknown>\n#14 0x556dff49d138 <unknown>\n#15 0x556dff49d2c7 <unknown>\n#16 0x556dff4ab093 <unknown>\n#17 0x7f385d692b43 <unknown>","time":{"start":1682960491961,"stop":1682960491961,"duration":0}},{"uid":"8aafd52d3d99c542","reportUrl":"https://uraniumcore238.github.io/cfi/5//#testresult/8aafd52d3d99c542","status":"broken","statusDetails":"selenium.common.exceptions.WebDriverException: Message: unknown error: Chrome failed to start: exited abnormally.\n  (unknown error: DevToolsActivePort file doesn't exist)\n  (The process started from chrome location /usr/bin/google-chrome is no longer running, so ChromeDriver is assuming that Chrome has crashed.)\nStacktrace:\n#0 0x562b1aa11fe3 <unknown>\n#1 0x562b1a750d36 <unknown>\n#2 0x562b1a779b20 <unknown>\n#3 0x562b1a775a9b <unknown>\n#4 0x562b1a7b7af7 <unknown>\n#5 0x562b1a7b711f <unknown>\n#6 0x562b1a7ae693 <unknown>\n#7 0x562b1a78103a <unknown>\n#8 0x562b1a78217e <unknown>\n#9 0x562b1a9d3dbd <unknown>\n#10 0x562b1a9d7c6c <unknown>\n#11 0x562b1a9e14b0 <unknown>\n#12 0x562b1a9d8d63 <unknown>\n#13 0x562b1a9abc35 <unknown>\n#14 0x562b1a9fc138 <unknown>\n#15 0x562b1a9fc2c7 <unknown>\n#16 0x562b1aa0a093 <unknown>\n#17 0x7f5c23401b43 <unknown>","time":{"start":1682960262305,"stop":1682960262305,"duration":0}}]},"tags":["id 1.2"]},"source":"907c1a7c6e1b0559.json","parameterValues":[]}