{"uid":"9c9e83e977d9d166","name":"Customer doesn't fill the last name","fullName":"app.tests.test_registration_page#test_empty_last_name","historyId":"0bc92321cad80f6e3dcb9ca93a0ab926","time":{"start":1682964573153,"stop":1682964573153,"duration":0},"status":"broken","statusMessage":"KeyError: 'headless'","statusTrace":"config = {'browser': 'chrome', 'hub': 'localhost', 'remote': True, 'version': '109.0'}\n\n    @pytest.fixture(scope=\"class\")\n    def wd(config):\n        if config[\"remote\"] is True:\n>           driver = create_remote_driver(config)\n\napp/tests/conftest.py:123: \n_ _ _ _ _ _ _ _ _ _ _ _ _ _ _ _ _ _ _ _ _ _ _ _ _ _ _ _ _ _ _ _ _ _ _ _ _ _ _ _ \napp/tests/conftest.py:63: in create_remote_driver\n    options = get_chrome_options(config)\n_ _ _ _ _ _ _ _ _ _ _ _ _ _ _ _ _ _ _ _ _ _ _ _ _ _ _ _ _ _ _ _ _ _ _ _ _ _ _ _ \n\nconfig = {'browser': 'chrome', 'hub': 'localhost', 'remote': True, 'version': '109.0'}\n\n    def get_chrome_options(config):\n        options = ChromeOptions()\n>       options.headless = config[\"headless\"]\nE       KeyError: 'headless'\n\napp/tests/conftest.py:38: KeyError","flaky":false,"newFailed":false,"newBroken":false,"newPassed":false,"retriesCount":0,"retriesStatusChange":false,"beforeStages":[{"name":"_session_faker","time":{"start":1682964572714,"stop":1682964572787,"duration":73},"status":"passed","steps":[],"attachments":[],"parameters":[],"stepsCount":0,"attachmentsCount":0,"shouldDisplayMessage":false,"hasContent":false},{"name":"load_env","time":{"start":1682964572787,"stop":1682964572788,"duration":1},"status":"passed","steps":[],"attachments":[],"parameters":[],"stepsCount":0,"attachmentsCount":0,"shouldDisplayMessage":false,"hasContent":false},{"name":"config","time":{"start":1682964572788,"stop":1682964572788,"duration":0},"status":"passed","steps":[],"attachments":[],"parameters":[],"stepsCount":0,"attachmentsCount":0,"shouldDisplayMessage":false,"hasContent":false},{"name":"wd","time":{"start":1682964573153,"stop":1682964573153,"duration":0},"status":"broken","statusMessage":"KeyError: 'headless'\n","statusTrace":"  File \"/opt/hostedtoolcache/Python/3.11.3/x64/lib/python3.11/site-packages/pluggy/_callers.py\", line 39, in _multicall\n    res = hook_impl.function(*args)\n          ^^^^^^^^^^^^^^^^^^^^^^^^^\n  File \"/opt/hostedtoolcache/Python/3.11.3/x64/lib/python3.11/site-packages/_pytest/fixtures.py\", line 1129, in pytest_fixture_setup\n    result = call_fixture_func(fixturefunc, request, kwargs)\n             ^^^^^^^^^^^^^^^^^^^^^^^^^^^^^^^^^^^^^^^^^^^^^^^\n  File \"/opt/hostedtoolcache/Python/3.11.3/x64/lib/python3.11/site-packages/_pytest/fixtures.py\", line 901, in call_fixture_func\n    fixture_result = next(generator)\n                     ^^^^^^^^^^^^^^^\n  File \"/home/runner/work/cfi/cfi/app/tests/conftest.py\", line 123, in wd\n    driver = create_remote_driver(config)\n             ^^^^^^^^^^^^^^^^^^^^^^^^^^^^\n  File \"/home/runner/work/cfi/cfi/app/tests/conftest.py\", line 63, in create_remote_driver\n    options = get_chrome_options(config)\n              ^^^^^^^^^^^^^^^^^^^^^^^^^^\n  File \"/home/runner/work/cfi/cfi/app/tests/conftest.py\", line 38, in get_chrome_options\n    options.headless = config[\"headless\"]\n                       ~~~~~~^^^^^^^^^^^^\n","steps":[],"attachments":[],"parameters":[],"stepsCount":0,"attachmentsCount":0,"shouldDisplayMessage":true,"hasContent":true}],"afterStages":[],"labels":[{"name":"severity","value":"normal"},{"name":"feature","value":"Registration page"},{"name":"tag","value":"id 1.4"},{"name":"owner","value":"SergeiT"},{"name":"parentSuite","value":"app.tests"},{"name":"suite","value":"test_registration_page"},{"name":"host","value":"fv-az614-882"},{"name":"thread","value":"2557-MainThread"},{"name":"framework","value":"pytest"},{"name":"language","value":"cpython3"},{"name":"package","value":"app.tests.test_registration_page"},{"name":"resultFormat","value":"allure2"}],"parameters":[],"links":[],"hidden":false,"retry":false,"extra":{"severity":"normal","owner":"SergeiT","retries":[],"categories":[{"name":"Test defects","matchedStatuses":[],"flaky":false}],"history":{"statistic":{"failed":0,"broken":6,"skipped":0,"passed":0,"unknown":0,"total":6},"items":[{"uid":"a7f053426c58882c","reportUrl":"https://uraniumcore238.github.io/cfi/11//#testresult/a7f053426c58882c","status":"broken","statusDetails":"KeyError: 'headless'","time":{"start":1682964042595,"stop":1682964042595,"duration":0}},{"uid":"a74e113e46bf1132","reportUrl":"https://uraniumcore238.github.io/cfi/10//#testresult/a74e113e46bf1132","status":"broken","statusDetails":"selenium.common.exceptions.InvalidArgumentException: Message: invalid argument\n  (Session info: chrome=112.0.5615.165)\nStacktrace:\n#0 0x55f7e3341fe3 <unknown>\n#1 0x55f7e3080bc1 <unknown>\n#2 0x55f7e306b446 <unknown>\n#3 0x55f7e30697f3 <unknown>\n#4 0x55f7e3069c3d <unknown>\n#5 0x55f7e3082b16 <unknown>\n#6 0x55f7e30f78c5 <unknown>\n#7 0x55f7e30de8c2 <unknown>\n#8 0x55f7e30f7232 <unknown>\n#9 0x55f7e30de693 <unknown>\n#10 0x55f7e30b103a <unknown>\n#11 0x55f7e30b217e <unknown>\n#12 0x55f7e3303dbd <unknown>\n#13 0x55f7e3307c6c <unknown>\n#14 0x55f7e33114b0 <unknown>\n#15 0x55f7e3308d63 <unknown>\n#16 0x55f7e32dbc35 <unknown>\n#17 0x55f7e332c138 <unknown>\n#18 0x55f7e332c2c7 <unknown>\n#19 0x55f7e333a093 <unknown>\n#20 0x7f5d875b5b43 <unknown>","time":{"start":1682963844042,"stop":1682963844048,"duration":6}},{"uid":"8ee0b9da5fc6c5a7","reportUrl":"https://uraniumcore238.github.io/cfi/9//#testresult/8ee0b9da5fc6c5a7","status":"broken","statusDetails":"selenium.common.exceptions.InvalidArgumentException: Message: invalid argument\n  (Session info: chrome=112.0.5615.165)\nStacktrace:\n#0 0x563926383fe3 <unknown>\n#1 0x5639260c2bc1 <unknown>\n#2 0x5639260ad446 <unknown>\n#3 0x5639260ab7f3 <unknown>\n#4 0x5639260abc3d <unknown>\n#5 0x5639260c4b16 <unknown>\n#6 0x5639261398c5 <unknown>\n#7 0x5639261208c2 <unknown>\n#8 0x563926139232 <unknown>\n#9 0x563926120693 <unknown>\n#10 0x5639260f303a <unknown>\n#11 0x5639260f417e <unknown>\n#12 0x563926345dbd <unknown>\n#13 0x563926349c6c <unknown>\n#14 0x5639263534b0 <unknown>\n#15 0x56392634ad63 <unknown>\n#16 0x56392631dc35 <unknown>\n#17 0x56392636e138 <unknown>\n#18 0x56392636e2c7 <unknown>\n#19 0x56392637c093 <unknown>\n#20 0x7f56effa1b43 <unknown>","time":{"start":1682963295288,"stop":1682963295293,"duration":5}},{"uid":"9cdf79cec6670c2a","reportUrl":"https://uraniumcore238.github.io/cfi/6//#testresult/9cdf79cec6670c2a","status":"broken","statusDetails":"selenium.common.exceptions.WebDriverException: Message: unknown error: Chrome failed to start: exited abnormally.\n  (unknown error: DevToolsActivePort file doesn't exist)\n  (The process started from chrome location /usr/bin/google-chrome is no longer running, so ChromeDriver is assuming that Chrome has crashed.)\nStacktrace:\n#0 0x558d537effe3 <unknown>\n#1 0x558d5352ed36 <unknown>\n#2 0x558d53557b20 <unknown>\n#3 0x558d53553a9b <unknown>\n#4 0x558d53595af7 <unknown>\n#5 0x558d5359511f <unknown>\n#6 0x558d5358c693 <unknown>\n#7 0x558d5355f03a <unknown>\n#8 0x558d5356017e <unknown>\n#9 0x558d537b1dbd <unknown>\n#10 0x558d537b5c6c <unknown>\n#11 0x558d537bf4b0 <unknown>\n#12 0x558d537b6d63 <unknown>\n#13 0x558d53789c35 <unknown>\n#14 0x558d537da138 <unknown>\n#15 0x558d537da2c7 <unknown>\n#16 0x558d537e8093 <unknown>\n#17 0x7fd9783ceb43 <unknown>","time":{"start":1682960513795,"stop":1682960513795,"duration":0}},{"uid":"39928761992846a1","reportUrl":"https://uraniumcore238.github.io/cfi/5//#testresult/39928761992846a1","status":"broken","statusDetails":"selenium.common.exceptions.WebDriverException: Message: unknown error: Chrome failed to start: exited abnormally.\n  (unknown error: DevToolsActivePort file doesn't exist)\n  (The process started from chrome location /usr/bin/google-chrome is no longer running, so ChromeDriver is assuming that Chrome has crashed.)\nStacktrace:\n#0 0x56484c48efe3 <unknown>\n#1 0x56484c1cdd36 <unknown>\n#2 0x56484c1f6b20 <unknown>\n#3 0x56484c1f2a9b <unknown>\n#4 0x56484c234af7 <unknown>\n#5 0x56484c23411f <unknown>\n#6 0x56484c22b693 <unknown>\n#7 0x56484c1fe03a <unknown>\n#8 0x56484c1ff17e <unknown>\n#9 0x56484c450dbd <unknown>\n#10 0x56484c454c6c <unknown>\n#11 0x56484c45e4b0 <unknown>\n#12 0x56484c455d63 <unknown>\n#13 0x56484c428c35 <unknown>\n#14 0x56484c479138 <unknown>\n#15 0x56484c4792c7 <unknown>\n#16 0x56484c487093 <unknown>\n#17 0x7fa2a702eb43 <unknown>","time":{"start":1682960285458,"stop":1682960285458,"duration":0}}]},"tags":["id 1.4"]},"source":"9c9e83e977d9d166.json","parameterValues":[]}