{"uid":"1e74b45cf313974a","name":"Customer doesn't fill the first name","fullName":"app.tests.test_registration_page#test_empty_first_name","historyId":"c6cb72558d17c16c550516eaf944190a","time":{"start":1685731935271,"stop":1685731937315,"duration":2044},"status":"broken","statusMessage":"AttributeError: 'WebDriver' object has no attribute 'driver'","statusTrace":"self = <allure_commons._allure.fixture object at 0x7f64b23c0d10>, args = ()\nkwargs = {}\n\n    def __call__(self, *args, **kwargs):\n        self.parameters = func_parameters(self._fixture_function, *args, **kwargs)\n    \n        with self:\n>           return self._fixture_function(*args, **kwargs)\n\n/opt/hostedtoolcache/Python/3.11.3/x64/lib/python3.11/site-packages/allure_commons/_allure.py:221: \n_ _ _ _ _ _ _ _ _ _ _ _ _ _ _ _ _ _ _ _ _ _ _ _ _ _ _ _ _ _ _ _ _ _ _ _ _ _ _ _ \napp/tests/conftest.py:131: in wd\n    attach.add_video(driver)\n_ _ _ _ _ _ _ _ _ _ _ _ _ _ _ _ _ _ _ _ _ _ _ _ _ _ _ _ _ _ _ _ _ _ _ _ _ _ _ _ \n\nbrowser = <selenium.webdriver.remote.webdriver.WebDriver (session=\"9cbfd95194db178f18e13ea586df81ee\")>\n\n    def add_video(browser):\n>       video_url = f\"http://localhost/video/{browser.driver.session_id}.mp4\"\nE       AttributeError: 'WebDriver' object has no attribute 'driver'\n\napp/utilities/attach.py:21: AttributeError","flaky":false,"newFailed":false,"newBroken":true,"newPassed":false,"retriesCount":0,"retriesStatusChange":false,"beforeStages":[{"name":"_session_faker","time":{"start":1685731934392,"stop":1685731934459,"duration":67},"status":"passed","steps":[],"attachments":[],"parameters":[],"stepsCount":0,"attachmentsCount":0,"shouldDisplayMessage":false,"hasContent":false},{"name":"config","time":{"start":1685731934459,"stop":1685731934459,"duration":0},"status":"passed","steps":[],"attachments":[],"parameters":[],"stepsCount":0,"attachmentsCount":0,"shouldDisplayMessage":false,"hasContent":false},{"name":"load_env","time":{"start":1685731934459,"stop":1685731934459,"duration":0},"status":"passed","steps":[],"attachments":[],"parameters":[],"stepsCount":0,"attachmentsCount":0,"shouldDisplayMessage":false,"hasContent":false},{"name":"wd","time":{"start":1685731934460,"stop":1685731935269,"duration":809},"status":"passed","steps":[],"attachments":[],"parameters":[],"stepsCount":0,"attachmentsCount":0,"shouldDisplayMessage":false,"hasContent":false}],"testStage":{"status":"broken","statusMessage":"AttributeError: 'WebDriver' object has no attribute 'driver'","statusTrace":"self = <allure_commons._allure.fixture object at 0x7f64b23c0d10>, args = ()\nkwargs = {}\n\n    def __call__(self, *args, **kwargs):\n        self.parameters = func_parameters(self._fixture_function, *args, **kwargs)\n    \n        with self:\n>           return self._fixture_function(*args, **kwargs)\n\n/opt/hostedtoolcache/Python/3.11.3/x64/lib/python3.11/site-packages/allure_commons/_allure.py:221: \n_ _ _ _ _ _ _ _ _ _ _ _ _ _ _ _ _ _ _ _ _ _ _ _ _ _ _ _ _ _ _ _ _ _ _ _ _ _ _ _ \napp/tests/conftest.py:131: in wd\n    attach.add_video(driver)\n_ _ _ _ _ _ _ _ _ _ _ _ _ _ _ _ _ _ _ _ _ _ _ _ _ _ _ _ _ _ _ _ _ _ _ _ _ _ _ _ \n\nbrowser = <selenium.webdriver.remote.webdriver.WebDriver (session=\"9cbfd95194db178f18e13ea586df81ee\")>\n\n    def add_video(browser):\n>       video_url = f\"http://localhost/video/{browser.driver.session_id}.mp4\"\nE       AttributeError: 'WebDriver' object has no attribute 'driver'\n\napp/utilities/attach.py:21: AttributeError","steps":[{"name":"Open url https://registration.cfifinancial.com/cy/en/registration","time":{"start":1685731935272,"stop":1685731937148,"duration":1876},"status":"passed","steps":[],"attachments":[],"parameters":[],"stepsCount":0,"attachmentsCount":0,"shouldDisplayMessage":false,"hasContent":false},{"name":"Click on next button","time":{"start":1685731937148,"stop":1685731937261,"duration":113},"status":"passed","steps":[],"attachments":[],"parameters":[],"stepsCount":0,"attachmentsCount":0,"shouldDisplayMessage":false,"hasContent":false},{"name":"Assert the first name error","time":{"start":1685731937261,"stop":1685731937314,"duration":53},"status":"passed","steps":[{"name":"Wait for element visibility","time":{"start":1685731937261,"stop":1685731937298,"duration":37},"status":"passed","steps":[],"attachments":[],"parameters":[{"name":"locator","value":"('css selector', '#firstname-field .mat-error')"},{"name":"timeout","value":"10"}],"stepsCount":0,"attachmentsCount":0,"shouldDisplayMessage":false,"hasContent":true}],"attachments":[],"parameters":[{"name":"expected_text","value":"'Please complete your first name'"}],"stepsCount":1,"attachmentsCount":0,"shouldDisplayMessage":false,"hasContent":true}],"attachments":[],"parameters":[],"stepsCount":4,"attachmentsCount":0,"shouldDisplayMessage":true,"hasContent":true},"afterStages":[{"name":"wd::0","time":{"start":1685731937315,"stop":1685731937329,"duration":14},"status":"broken","statusMessage":"AttributeError: 'WebDriver' object has no attribute 'driver'\n","statusTrace":"  File \"/opt/hostedtoolcache/Python/3.11.3/x64/lib/python3.11/site-packages/allure_commons/_allure.py\", line 221, in __call__\n    return self._fixture_function(*args, **kwargs)\n           ^^^^^^^^^^^^^^^^^^^^^^^^^^^^^^^^^^^^^^^\n  File \"/opt/hostedtoolcache/Python/3.11.3/x64/lib/python3.11/site-packages/_pytest/fixtures.py\", line 917, in _teardown_yield_fixture\n    next(it)\n  File \"/home/runner/work/cfi/cfi/app/tests/conftest.py\", line 131, in wd\n    attach.add_video(driver)\n  File \"/home/runner/work/cfi/cfi/app/utilities/attach.py\", line 21, in add_video\n    video_url = f\"http://localhost/video/{browser.driver.session_id}.mp4\"\n                                          ^^^^^^^^^^^^^^\n","steps":[{"name":"Close the driver","time":{"start":1685731937315,"stop":1685731937328,"duration":13},"status":"broken","statusMessage":"AttributeError: 'WebDriver' object has no attribute 'driver'\n","statusTrace":"  File \"/home/runner/work/cfi/cfi/app/tests/conftest.py\", line 131, in wd\n    attach.add_video(driver)\n  File \"/home/runner/work/cfi/cfi/app/utilities/attach.py\", line 21, in add_video\n    video_url = f\"http://localhost/video/{browser.driver.session_id}.mp4\"\n                                          ^^^^^^^^^^^^^^\n","steps":[],"attachments":[{"uid":"bc420d09dc808b53","name":"page_source","source":"bc420d09dc808b53.html","type":"text/html","size":117863},{"uid":"51d1b58b8770ba5c","name":"browser_logs","source":"51d1b58b8770ba5c.txt","type":"text/plain","size":1212}],"parameters":[],"stepsCount":0,"attachmentsCount":2,"shouldDisplayMessage":true,"hasContent":true}],"attachments":[],"parameters":[],"stepsCount":1,"attachmentsCount":2,"shouldDisplayMessage":false,"hasContent":true}],"labels":[{"name":"tag","value":"id 1.2"},{"name":"owner","value":"SergeiT"},{"name":"feature","value":"Registration page"},{"name":"severity","value":"normal"},{"name":"parentSuite","value":"app.tests"},{"name":"suite","value":"test_registration_page"},{"name":"host","value":"fv-az627-564"},{"name":"thread","value":"2486-MainThread"},{"name":"framework","value":"pytest"},{"name":"language","value":"cpython3"},{"name":"package","value":"app.tests.test_registration_page"},{"name":"resultFormat","value":"allure2"}],"parameters":[],"links":[],"hidden":false,"retry":false,"extra":{"severity":"normal","owner":"SergeiT","retries":[],"categories":[{"name":"Test defects","matchedStatuses":[],"flaky":false}],"history":{"statistic":{"failed":0,"broken":5,"skipped":0,"passed":5,"unknown":0,"total":10},"items":[{"uid":"c2543f218db5f5e1","reportUrl":"https://uraniumcore238.github.io/cfi/13//#testresult/c2543f218db5f5e1","status":"passed","time":{"start":1682965080506,"stop":1682965088001,"duration":7495}},{"uid":"17c4ac674525b5c3","reportUrl":"https://uraniumcore238.github.io/cfi/12//#testresult/17c4ac674525b5c3","status":"passed","time":{"start":1682964774304,"stop":1682964779161,"duration":4857}},{"uid":"907c1a7c6e1b0559","reportUrl":"https://uraniumcore238.github.io/cfi/11//#testresult/907c1a7c6e1b0559","status":"broken","statusDetails":"KeyError: 'headless'","time":{"start":1682964572713,"stop":1682964572713,"duration":0}},{"uid":"e678340afb45cd76","reportUrl":"https://uraniumcore238.github.io/cfi/11//#testresult/e678340afb45cd76","status":"broken","statusDetails":"KeyError: 'headless'","time":{"start":1682964042490,"stop":1682964042490,"duration":0}},{"uid":"fdec8b3e3464a37d","reportUrl":"https://uraniumcore238.github.io/cfi/10//#testresult/fdec8b3e3464a37d","status":"passed","time":{"start":1682963838146,"stop":1682963843410,"duration":5264}},{"uid":"bb09ee7f43f2c907","reportUrl":"https://uraniumcore238.github.io/cfi/9//#testresult/bb09ee7f43f2c907","status":"passed","time":{"start":1682963287615,"stop":1682963294718,"duration":7103}},{"uid":"156f1241968aaf07","reportUrl":"https://uraniumcore238.github.io/cfi/7//#testresult/156f1241968aaf07","status":"passed","time":{"start":1682961407018,"stop":1682961410338,"duration":3320}},{"uid":"fae7f344e655e1b","reportUrl":"https://uraniumcore238.github.io/cfi/6//#testresult/fae7f344e655e1b","status":"broken","statusDetails":"selenium.common.exceptions.WebDriverException: Message: unknown error: Chrome failed to start: exited abnormally.\n  (unknown error: DevToolsActivePort file doesn't exist)\n  (The process started from chrome location /usr/bin/google-chrome is no longer running, so ChromeDriver is assuming that Chrome has crashed.)\nStacktrace:\n#0 0x556dff4b2fe3 <unknown>\n#1 0x556dff1f1d36 <unknown>\n#2 0x556dff21ab20 <unknown>\n#3 0x556dff216a9b <unknown>\n#4 0x556dff258af7 <unknown>\n#5 0x556dff25811f <unknown>\n#6 0x556dff24f693 <unknown>\n#7 0x556dff22203a <unknown>\n#8 0x556dff22317e <unknown>\n#9 0x556dff474dbd <unknown>\n#10 0x556dff478c6c <unknown>\n#11 0x556dff4824b0 <unknown>\n#12 0x556dff479d63 <unknown>\n#13 0x556dff44cc35 <unknown>\n#14 0x556dff49d138 <unknown>\n#15 0x556dff49d2c7 <unknown>\n#16 0x556dff4ab093 <unknown>\n#17 0x7f385d692b43 <unknown>","time":{"start":1682960491961,"stop":1682960491961,"duration":0}},{"uid":"8aafd52d3d99c542","reportUrl":"https://uraniumcore238.github.io/cfi/5//#testresult/8aafd52d3d99c542","status":"broken","statusDetails":"selenium.common.exceptions.WebDriverException: Message: unknown error: Chrome failed to start: exited abnormally.\n  (unknown error: DevToolsActivePort file doesn't exist)\n  (The process started from chrome location /usr/bin/google-chrome is no longer running, so ChromeDriver is assuming that Chrome has crashed.)\nStacktrace:\n#0 0x562b1aa11fe3 <unknown>\n#1 0x562b1a750d36 <unknown>\n#2 0x562b1a779b20 <unknown>\n#3 0x562b1a775a9b <unknown>\n#4 0x562b1a7b7af7 <unknown>\n#5 0x562b1a7b711f <unknown>\n#6 0x562b1a7ae693 <unknown>\n#7 0x562b1a78103a <unknown>\n#8 0x562b1a78217e <unknown>\n#9 0x562b1a9d3dbd <unknown>\n#10 0x562b1a9d7c6c <unknown>\n#11 0x562b1a9e14b0 <unknown>\n#12 0x562b1a9d8d63 <unknown>\n#13 0x562b1a9abc35 <unknown>\n#14 0x562b1a9fc138 <unknown>\n#15 0x562b1a9fc2c7 <unknown>\n#16 0x562b1aa0a093 <unknown>\n#17 0x7f5c23401b43 <unknown>","time":{"start":1682960262305,"stop":1682960262305,"duration":0}}]},"tags":["id 1.2"]},"source":"1e74b45cf313974a.json","parameterValues":[]}