{"uid":"9cf77de4e7022d0e","name":"Customer doesn't fill the last name","fullName":"app.tests.test_registration_page#test_empty_last_name","historyId":"0bc92321cad80f6e3dcb9ca93a0ab926","time":{"start":1688584751790,"stop":1688584751798,"duration":8},"status":"broken","statusMessage":"selenium.common.exceptions.InvalidArgumentException: Message: invalid argument\n  (Session info: chrome=114.0.5735.133)\nStacktrace:\n#0 0x560a2a14e4e3 <unknown>\n#1 0x560a29e7db00 <unknown>\n#2 0x560a29e677de <unknown>\n#3 0x560a29e65bac <unknown>\n#4 0x560a29e65fed <unknown>\n#5 0x560a29e7fb06 <unknown>\n#6 0x560a29ef19e5 <unknown>\n#7 0x560a29ed9012 <unknown>\n#8 0x560a29ef130e <unknown>\n#9 0x560a29ed8de3 <unknown>\n#10 0x560a29eae2dd <unknown>\n#11 0x560a29eaf34e <unknown>\n#12 0x560a2a10e3e4 <unknown>\n#13 0x560a2a1123d7 <unknown>\n#14 0x560a2a11cb20 <unknown>\n#15 0x560a2a113023 <unknown>\n#16 0x560a2a0e11aa <unknown>\n#17 0x560a2a1376b8 <unknown>\n#18 0x560a2a137847 <unknown>\n#19 0x560a2a147243 <unknown>\n#20 0x7f508004ab43 <unknown>","statusTrace":"wd = <selenium.webdriver.remote.webdriver.WebDriver (session=\"5c6b0a7ff87953f45de7e9f7b8d04478\")>\n\n    @allure.tag('id 1.4')\n    @allure.label('owner', 'SergeiT')\n    @allure.severity('normal')\n    @allure.feature('Registration page')\n    @allure.title(\"Customer doesn't fill the last name\")\n    def test_empty_last_name(wd):\n        registration_page = RegistrationPage(wd)\n        url = f\"{os.getenv('URL_PROD')}/cy/en/registration\"\n>       registration_page.open(url)\n\napp/tests/test_registration_page.py:67: \n_ _ _ _ _ _ _ _ _ _ _ _ _ _ _ _ _ _ _ _ _ _ _ _ _ _ _ _ _ _ _ _ _ _ _ _ _ _ _ _ \napp/pages/base_page.py:21: in open\n    self.driver.get(url)\n/opt/hostedtoolcache/Python/3.11.4/x64/lib/python3.11/site-packages/selenium/webdriver/remote/webdriver.py:449: in get\n    self.execute(Command.GET, {\"url\": url})\n/opt/hostedtoolcache/Python/3.11.4/x64/lib/python3.11/site-packages/selenium/webdriver/remote/webdriver.py:440: in execute\n    self.error_handler.check_response(response)\n_ _ _ _ _ _ _ _ _ _ _ _ _ _ _ _ _ _ _ _ _ _ _ _ _ _ _ _ _ _ _ _ _ _ _ _ _ _ _ _ \n\nself = <selenium.webdriver.remote.errorhandler.ErrorHandler object at 0x7fb0cc8850d0>\nresponse = {'status': 400, 'value': '{\"value\":{\"error\":\"invalid argument\",\"message\":\"invalid argument\\\\n  (Session info: chrome=1...\\\\n#18 0x560a2a137847 \\\\u003Cunknown>\\\\n#19 0x560a2a147243 \\\\u003Cunknown>\\\\n#20 0x7f508004ab43 \\\\u003Cunknown>\\\\n\"}}'}\n\n    def check_response(self, response: Dict[str, Any]) -> None:\n        \"\"\"Checks that a JSON response from the WebDriver does not have an\n        error.\n    \n        :Args:\n         - response - The JSON response from the WebDriver server as a dictionary\n           object.\n    \n        :Raises: If the response contains an error message.\n        \"\"\"\n        status = response.get(\"status\", None)\n        if not status or status == ErrorCode.SUCCESS:\n            return\n        value = None\n        message = response.get(\"message\", \"\")\n        screen: str = response.get(\"screen\", \"\")\n        stacktrace = None\n        if isinstance(status, int):\n            value_json = response.get(\"value\", None)\n            if value_json and isinstance(value_json, str):\n                import json\n    \n                try:\n                    value = json.loads(value_json)\n                    if len(value) == 1:\n                        value = value[\"value\"]\n                    status = value.get(\"error\", None)\n                    if not status:\n                        status = value.get(\"status\", ErrorCode.UNKNOWN_ERROR)\n                        message = value.get(\"value\") or value.get(\"message\")\n                        if not isinstance(message, str):\n                            value = message\n                            message = message.get(\"message\")\n                    else:\n                        message = value.get(\"message\", None)\n                except ValueError:\n                    pass\n    \n        exception_class: Type[WebDriverException]\n        if status in ErrorCode.NO_SUCH_ELEMENT:\n            exception_class = NoSuchElementException\n        elif status in ErrorCode.NO_SUCH_FRAME:\n            exception_class = NoSuchFrameException\n        elif status in ErrorCode.NO_SUCH_SHADOW_ROOT:\n            exception_class = NoSuchShadowRootException\n        elif status in ErrorCode.NO_SUCH_WINDOW:\n            exception_class = NoSuchWindowException\n        elif status in ErrorCode.STALE_ELEMENT_REFERENCE:\n            exception_class = StaleElementReferenceException\n        elif status in ErrorCode.ELEMENT_NOT_VISIBLE:\n            exception_class = ElementNotVisibleException\n        elif status in ErrorCode.INVALID_ELEMENT_STATE:\n            exception_class = InvalidElementStateException\n        elif (\n            status in ErrorCode.INVALID_SELECTOR\n            or status in ErrorCode.INVALID_XPATH_SELECTOR\n            or status in ErrorCode.INVALID_XPATH_SELECTOR_RETURN_TYPER\n        ):\n            exception_class = InvalidSelectorException\n        elif status in ErrorCode.ELEMENT_IS_NOT_SELECTABLE:\n            exception_class = ElementNotSelectableException\n        elif status in ErrorCode.ELEMENT_NOT_INTERACTABLE:\n            exception_class = ElementNotInteractableException\n        elif status in ErrorCode.INVALID_COOKIE_DOMAIN:\n            exception_class = InvalidCookieDomainException\n        elif status in ErrorCode.UNABLE_TO_SET_COOKIE:\n            exception_class = UnableToSetCookieException\n        elif status in ErrorCode.TIMEOUT:\n            exception_class = TimeoutException\n        elif status in ErrorCode.SCRIPT_TIMEOUT:\n            exception_class = TimeoutException\n        elif status in ErrorCode.UNKNOWN_ERROR:\n            exception_class = WebDriverException\n        elif status in ErrorCode.UNEXPECTED_ALERT_OPEN:\n            exception_class = UnexpectedAlertPresentException\n        elif status in ErrorCode.NO_ALERT_OPEN:\n            exception_class = NoAlertPresentException\n        elif status in ErrorCode.IME_NOT_AVAILABLE:\n            exception_class = ImeNotAvailableException\n        elif status in ErrorCode.IME_ENGINE_ACTIVATION_FAILED:\n            exception_class = ImeActivationFailedException\n        elif status in ErrorCode.MOVE_TARGET_OUT_OF_BOUNDS:\n            exception_class = MoveTargetOutOfBoundsException\n        elif status in ErrorCode.JAVASCRIPT_ERROR:\n            exception_class = JavascriptException\n        elif status in ErrorCode.SESSION_NOT_CREATED:\n            exception_class = SessionNotCreatedException\n        elif status in ErrorCode.INVALID_ARGUMENT:\n            exception_class = InvalidArgumentException\n        elif status in ErrorCode.NO_SUCH_COOKIE:\n            exception_class = NoSuchCookieException\n        elif status in ErrorCode.UNABLE_TO_CAPTURE_SCREEN:\n            exception_class = ScreenshotException\n        elif status in ErrorCode.ELEMENT_CLICK_INTERCEPTED:\n            exception_class = ElementClickInterceptedException\n        elif status in ErrorCode.INSECURE_CERTIFICATE:\n            exception_class = InsecureCertificateException\n        elif status in ErrorCode.INVALID_COORDINATES:\n            exception_class = InvalidCoordinatesException\n        elif status in ErrorCode.INVALID_SESSION_ID:\n            exception_class = InvalidSessionIdException\n        elif status in ErrorCode.UNKNOWN_METHOD:\n            exception_class = UnknownMethodException\n        else:\n            exception_class = WebDriverException\n        if not value:\n            value = response[\"value\"]\n        if isinstance(value, str):\n            raise exception_class(value)\n        if message == \"\" and \"message\" in value:\n            message = value[\"message\"]\n    \n        screen = None  # type: ignore[assignment]\n        if \"screen\" in value:\n            screen = value[\"screen\"]\n    \n        stacktrace = None\n        st_value = value.get(\"stackTrace\") or value.get(\"stacktrace\")\n        if st_value:\n            if isinstance(st_value, str):\n                stacktrace = st_value.split(\"\\n\")\n            else:\n                stacktrace = []\n                try:\n                    for frame in st_value:\n                        line = frame.get(\"lineNumber\", \"\")\n                        file = frame.get(\"fileName\", \"<anonymous>\")\n                        if line:\n                            file = f\"{file}:{line}\"\n                        meth = frame.get(\"methodName\", \"<anonymous>\")\n                        if \"className\" in frame:\n                            meth = f\"{frame['className']}.{meth}\"\n                        msg = \"    at %s (%s)\"\n                        msg = msg % (meth, file)\n                        stacktrace.append(msg)\n                except TypeError:\n                    pass\n        if exception_class == UnexpectedAlertPresentException:\n            alert_text = None\n            if \"data\" in value:\n                alert_text = value[\"data\"].get(\"text\")\n            elif \"alert\" in value:\n                alert_text = value[\"alert\"].get(\"text\")\n            raise exception_class(message, screen, stacktrace, alert_text)  # type: ignore[call-arg]  # mypy is not smart enough here\n>       raise exception_class(message, screen, stacktrace)\nE       selenium.common.exceptions.InvalidArgumentException: Message: invalid argument\nE         (Session info: chrome=114.0.5735.133)\nE       Stacktrace:\nE       #0 0x560a2a14e4e3 <unknown>\nE       #1 0x560a29e7db00 <unknown>\nE       #2 0x560a29e677de <unknown>\nE       #3 0x560a29e65bac <unknown>\nE       #4 0x560a29e65fed <unknown>\nE       #5 0x560a29e7fb06 <unknown>\nE       #6 0x560a29ef19e5 <unknown>\nE       #7 0x560a29ed9012 <unknown>\nE       #8 0x560a29ef130e <unknown>\nE       #9 0x560a29ed8de3 <unknown>\nE       #10 0x560a29eae2dd <unknown>\nE       #11 0x560a29eaf34e <unknown>\nE       #12 0x560a2a10e3e4 <unknown>\nE       #13 0x560a2a1123d7 <unknown>\nE       #14 0x560a2a11cb20 <unknown>\nE       #15 0x560a2a113023 <unknown>\nE       #16 0x560a2a0e11aa <unknown>\nE       #17 0x560a2a1376b8 <unknown>\nE       #18 0x560a2a137847 <unknown>\nE       #19 0x560a2a147243 <unknown>\nE       #20 0x7f508004ab43 <unknown>\n\n/opt/hostedtoolcache/Python/3.11.4/x64/lib/python3.11/site-packages/selenium/webdriver/remote/errorhandler.py:245: InvalidArgumentException","flaky":false,"newFailed":false,"newBroken":false,"newPassed":false,"retriesCount":0,"retriesStatusChange":false,"beforeStages":[{"name":"_session_faker","time":{"start":1688584743209,"stop":1688584743293,"duration":84},"status":"passed","steps":[],"attachments":[],"parameters":[],"stepsCount":0,"attachmentsCount":0,"shouldDisplayMessage":false,"hasContent":false},{"name":"config","time":{"start":1688584743294,"stop":1688584743294,"duration":0},"status":"passed","steps":[],"attachments":[],"parameters":[],"stepsCount":0,"attachmentsCount":0,"shouldDisplayMessage":false,"hasContent":false},{"name":"load_env","time":{"start":1688584743294,"stop":1688584743294,"duration":0},"status":"passed","steps":[],"attachments":[],"parameters":[],"stepsCount":0,"attachmentsCount":0,"shouldDisplayMessage":false,"hasContent":false},{"name":"wd","time":{"start":1688584751185,"stop":1688584751789,"duration":604},"status":"passed","steps":[],"attachments":[],"parameters":[],"stepsCount":0,"attachmentsCount":0,"shouldDisplayMessage":false,"hasContent":false}],"testStage":{"status":"broken","statusMessage":"selenium.common.exceptions.InvalidArgumentException: Message: invalid argument\n  (Session info: chrome=114.0.5735.133)\nStacktrace:\n#0 0x560a2a14e4e3 <unknown>\n#1 0x560a29e7db00 <unknown>\n#2 0x560a29e677de <unknown>\n#3 0x560a29e65bac <unknown>\n#4 0x560a29e65fed <unknown>\n#5 0x560a29e7fb06 <unknown>\n#6 0x560a29ef19e5 <unknown>\n#7 0x560a29ed9012 <unknown>\n#8 0x560a29ef130e <unknown>\n#9 0x560a29ed8de3 <unknown>\n#10 0x560a29eae2dd <unknown>\n#11 0x560a29eaf34e <unknown>\n#12 0x560a2a10e3e4 <unknown>\n#13 0x560a2a1123d7 <unknown>\n#14 0x560a2a11cb20 <unknown>\n#15 0x560a2a113023 <unknown>\n#16 0x560a2a0e11aa <unknown>\n#17 0x560a2a1376b8 <unknown>\n#18 0x560a2a137847 <unknown>\n#19 0x560a2a147243 <unknown>\n#20 0x7f508004ab43 <unknown>","statusTrace":"wd = <selenium.webdriver.remote.webdriver.WebDriver (session=\"5c6b0a7ff87953f45de7e9f7b8d04478\")>\n\n    @allure.tag('id 1.4')\n    @allure.label('owner', 'SergeiT')\n    @allure.severity('normal')\n    @allure.feature('Registration page')\n    @allure.title(\"Customer doesn't fill the last name\")\n    def test_empty_last_name(wd):\n        registration_page = RegistrationPage(wd)\n        url = f\"{os.getenv('URL_PROD')}/cy/en/registration\"\n>       registration_page.open(url)\n\napp/tests/test_registration_page.py:67: \n_ _ _ _ _ _ _ _ _ _ _ _ _ _ _ _ _ _ _ _ _ _ _ _ _ _ _ _ _ _ _ _ _ _ _ _ _ _ _ _ \napp/pages/base_page.py:21: in open\n    self.driver.get(url)\n/opt/hostedtoolcache/Python/3.11.4/x64/lib/python3.11/site-packages/selenium/webdriver/remote/webdriver.py:449: in get\n    self.execute(Command.GET, {\"url\": url})\n/opt/hostedtoolcache/Python/3.11.4/x64/lib/python3.11/site-packages/selenium/webdriver/remote/webdriver.py:440: in execute\n    self.error_handler.check_response(response)\n_ _ _ _ _ _ _ _ _ _ _ _ _ _ _ _ _ _ _ _ _ _ _ _ _ _ _ _ _ _ _ _ _ _ _ _ _ _ _ _ \n\nself = <selenium.webdriver.remote.errorhandler.ErrorHandler object at 0x7fb0cc8850d0>\nresponse = {'status': 400, 'value': '{\"value\":{\"error\":\"invalid argument\",\"message\":\"invalid argument\\\\n  (Session info: chrome=1...\\\\n#18 0x560a2a137847 \\\\u003Cunknown>\\\\n#19 0x560a2a147243 \\\\u003Cunknown>\\\\n#20 0x7f508004ab43 \\\\u003Cunknown>\\\\n\"}}'}\n\n    def check_response(self, response: Dict[str, Any]) -> None:\n        \"\"\"Checks that a JSON response from the WebDriver does not have an\n        error.\n    \n        :Args:\n         - response - The JSON response from the WebDriver server as a dictionary\n           object.\n    \n        :Raises: If the response contains an error message.\n        \"\"\"\n        status = response.get(\"status\", None)\n        if not status or status == ErrorCode.SUCCESS:\n            return\n        value = None\n        message = response.get(\"message\", \"\")\n        screen: str = response.get(\"screen\", \"\")\n        stacktrace = None\n        if isinstance(status, int):\n            value_json = response.get(\"value\", None)\n            if value_json and isinstance(value_json, str):\n                import json\n    \n                try:\n                    value = json.loads(value_json)\n                    if len(value) == 1:\n                        value = value[\"value\"]\n                    status = value.get(\"error\", None)\n                    if not status:\n                        status = value.get(\"status\", ErrorCode.UNKNOWN_ERROR)\n                        message = value.get(\"value\") or value.get(\"message\")\n                        if not isinstance(message, str):\n                            value = message\n                            message = message.get(\"message\")\n                    else:\n                        message = value.get(\"message\", None)\n                except ValueError:\n                    pass\n    \n        exception_class: Type[WebDriverException]\n        if status in ErrorCode.NO_SUCH_ELEMENT:\n            exception_class = NoSuchElementException\n        elif status in ErrorCode.NO_SUCH_FRAME:\n            exception_class = NoSuchFrameException\n        elif status in ErrorCode.NO_SUCH_SHADOW_ROOT:\n            exception_class = NoSuchShadowRootException\n        elif status in ErrorCode.NO_SUCH_WINDOW:\n            exception_class = NoSuchWindowException\n        elif status in ErrorCode.STALE_ELEMENT_REFERENCE:\n            exception_class = StaleElementReferenceException\n        elif status in ErrorCode.ELEMENT_NOT_VISIBLE:\n            exception_class = ElementNotVisibleException\n        elif status in ErrorCode.INVALID_ELEMENT_STATE:\n            exception_class = InvalidElementStateException\n        elif (\n            status in ErrorCode.INVALID_SELECTOR\n            or status in ErrorCode.INVALID_XPATH_SELECTOR\n            or status in ErrorCode.INVALID_XPATH_SELECTOR_RETURN_TYPER\n        ):\n            exception_class = InvalidSelectorException\n        elif status in ErrorCode.ELEMENT_IS_NOT_SELECTABLE:\n            exception_class = ElementNotSelectableException\n        elif status in ErrorCode.ELEMENT_NOT_INTERACTABLE:\n            exception_class = ElementNotInteractableException\n        elif status in ErrorCode.INVALID_COOKIE_DOMAIN:\n            exception_class = InvalidCookieDomainException\n        elif status in ErrorCode.UNABLE_TO_SET_COOKIE:\n            exception_class = UnableToSetCookieException\n        elif status in ErrorCode.TIMEOUT:\n            exception_class = TimeoutException\n        elif status in ErrorCode.SCRIPT_TIMEOUT:\n            exception_class = TimeoutException\n        elif status in ErrorCode.UNKNOWN_ERROR:\n            exception_class = WebDriverException\n        elif status in ErrorCode.UNEXPECTED_ALERT_OPEN:\n            exception_class = UnexpectedAlertPresentException\n        elif status in ErrorCode.NO_ALERT_OPEN:\n            exception_class = NoAlertPresentException\n        elif status in ErrorCode.IME_NOT_AVAILABLE:\n            exception_class = ImeNotAvailableException\n        elif status in ErrorCode.IME_ENGINE_ACTIVATION_FAILED:\n            exception_class = ImeActivationFailedException\n        elif status in ErrorCode.MOVE_TARGET_OUT_OF_BOUNDS:\n            exception_class = MoveTargetOutOfBoundsException\n        elif status in ErrorCode.JAVASCRIPT_ERROR:\n            exception_class = JavascriptException\n        elif status in ErrorCode.SESSION_NOT_CREATED:\n            exception_class = SessionNotCreatedException\n        elif status in ErrorCode.INVALID_ARGUMENT:\n            exception_class = InvalidArgumentException\n        elif status in ErrorCode.NO_SUCH_COOKIE:\n            exception_class = NoSuchCookieException\n        elif status in ErrorCode.UNABLE_TO_CAPTURE_SCREEN:\n            exception_class = ScreenshotException\n        elif status in ErrorCode.ELEMENT_CLICK_INTERCEPTED:\n            exception_class = ElementClickInterceptedException\n        elif status in ErrorCode.INSECURE_CERTIFICATE:\n            exception_class = InsecureCertificateException\n        elif status in ErrorCode.INVALID_COORDINATES:\n            exception_class = InvalidCoordinatesException\n        elif status in ErrorCode.INVALID_SESSION_ID:\n            exception_class = InvalidSessionIdException\n        elif status in ErrorCode.UNKNOWN_METHOD:\n            exception_class = UnknownMethodException\n        else:\n            exception_class = WebDriverException\n        if not value:\n            value = response[\"value\"]\n        if isinstance(value, str):\n            raise exception_class(value)\n        if message == \"\" and \"message\" in value:\n            message = value[\"message\"]\n    \n        screen = None  # type: ignore[assignment]\n        if \"screen\" in value:\n            screen = value[\"screen\"]\n    \n        stacktrace = None\n        st_value = value.get(\"stackTrace\") or value.get(\"stacktrace\")\n        if st_value:\n            if isinstance(st_value, str):\n                stacktrace = st_value.split(\"\\n\")\n            else:\n                stacktrace = []\n                try:\n                    for frame in st_value:\n                        line = frame.get(\"lineNumber\", \"\")\n                        file = frame.get(\"fileName\", \"<anonymous>\")\n                        if line:\n                            file = f\"{file}:{line}\"\n                        meth = frame.get(\"methodName\", \"<anonymous>\")\n                        if \"className\" in frame:\n                            meth = f\"{frame['className']}.{meth}\"\n                        msg = \"    at %s (%s)\"\n                        msg = msg % (meth, file)\n                        stacktrace.append(msg)\n                except TypeError:\n                    pass\n        if exception_class == UnexpectedAlertPresentException:\n            alert_text = None\n            if \"data\" in value:\n                alert_text = value[\"data\"].get(\"text\")\n            elif \"alert\" in value:\n                alert_text = value[\"alert\"].get(\"text\")\n            raise exception_class(message, screen, stacktrace, alert_text)  # type: ignore[call-arg]  # mypy is not smart enough here\n>       raise exception_class(message, screen, stacktrace)\nE       selenium.common.exceptions.InvalidArgumentException: Message: invalid argument\nE         (Session info: chrome=114.0.5735.133)\nE       Stacktrace:\nE       #0 0x560a2a14e4e3 <unknown>\nE       #1 0x560a29e7db00 <unknown>\nE       #2 0x560a29e677de <unknown>\nE       #3 0x560a29e65bac <unknown>\nE       #4 0x560a29e65fed <unknown>\nE       #5 0x560a29e7fb06 <unknown>\nE       #6 0x560a29ef19e5 <unknown>\nE       #7 0x560a29ed9012 <unknown>\nE       #8 0x560a29ef130e <unknown>\nE       #9 0x560a29ed8de3 <unknown>\nE       #10 0x560a29eae2dd <unknown>\nE       #11 0x560a29eaf34e <unknown>\nE       #12 0x560a2a10e3e4 <unknown>\nE       #13 0x560a2a1123d7 <unknown>\nE       #14 0x560a2a11cb20 <unknown>\nE       #15 0x560a2a113023 <unknown>\nE       #16 0x560a2a0e11aa <unknown>\nE       #17 0x560a2a1376b8 <unknown>\nE       #18 0x560a2a137847 <unknown>\nE       #19 0x560a2a147243 <unknown>\nE       #20 0x7f508004ab43 <unknown>\n\n/opt/hostedtoolcache/Python/3.11.4/x64/lib/python3.11/site-packages/selenium/webdriver/remote/errorhandler.py:245: InvalidArgumentException","steps":[{"name":"Open url None/cy/en/registration","time":{"start":1688584751791,"stop":1688584751797,"duration":6},"status":"broken","statusMessage":"selenium.common.exceptions.InvalidArgumentException: Message: invalid argument\n  (Session info: chrome=114.0.5735.133)\nStacktrace:\n#0 0x560a2a14e4e3 <unknown>\n#1 0x560a29e7db00 <unknown>\n#2 0x560a29e677de <unknown>\n#3 0x560a29e65bac <unknown>\n#4 0x560a29e65fed <unknown>\n#5 0x560a29e7fb06 <unknown>\n#6 0x560a29ef19e5 <unknown>\n#7 0x560a29ed9012 <unknown>\n#8 0x560a29ef130e <unknown>\n#9 0x560a29ed8de3 <unknown>\n#10 0x560a29eae2dd <unknown>\n#11 0x560a29eaf34e <unknown>\n#12 0x560a2a10e3e4 <unknown>\n#13 0x560a2a1123d7 <unknown>\n#14 0x560a2a11cb20 <unknown>\n#15 0x560a2a113023 <unknown>\n#16 0x560a2a0e11aa <unknown>\n#17 0x560a2a1376b8 <unknown>\n#18 0x560a2a137847 <unknown>\n#19 0x560a2a147243 <unknown>\n#20 0x7f508004ab43 <unknown>\n\n","statusTrace":"  File \"/home/runner/work/cfi/cfi/app/pages/base_page.py\", line 21, in open\n    self.driver.get(url)\n  File \"/opt/hostedtoolcache/Python/3.11.4/x64/lib/python3.11/site-packages/selenium/webdriver/remote/webdriver.py\", line 449, in get\n    self.execute(Command.GET, {\"url\": url})\n  File \"/opt/hostedtoolcache/Python/3.11.4/x64/lib/python3.11/site-packages/selenium/webdriver/remote/webdriver.py\", line 440, in execute\n    self.error_handler.check_response(response)\n  File \"/opt/hostedtoolcache/Python/3.11.4/x64/lib/python3.11/site-packages/selenium/webdriver/remote/errorhandler.py\", line 245, in check_response\n    raise exception_class(message, screen, stacktrace)\n","steps":[],"attachments":[],"parameters":[],"stepsCount":0,"attachmentsCount":0,"shouldDisplayMessage":true,"hasContent":true}],"attachments":[{"uid":"5ca5d69563ac81cf","name":"screenshot","source":"5ca5d69563ac81cf.png","type":"image/png","size":6665}],"parameters":[],"stepsCount":1,"attachmentsCount":1,"shouldDisplayMessage":true,"hasContent":true},"afterStages":[{"name":"wd::0","time":{"start":1688584752012,"stop":1688584752072,"duration":60},"status":"passed","steps":[{"name":"Close the driver","time":{"start":1688584752012,"stop":1688584752072,"duration":60},"status":"passed","steps":[],"attachments":[{"uid":"25e19e0bfb59eef6","name":"page_source","source":"25e19e0bfb59eef6.html","type":"text/html","size":39},{"uid":"6e7283fa0f222231","name":"browser_logs","source":"6e7283fa0f222231.txt","type":"text/plain","size":0}],"parameters":[],"stepsCount":0,"attachmentsCount":2,"shouldDisplayMessage":false,"hasContent":true}],"attachments":[],"parameters":[],"stepsCount":1,"attachmentsCount":2,"shouldDisplayMessage":false,"hasContent":true}],"labels":[{"name":"tag","value":"id 1.4"},{"name":"severity","value":"normal"},{"name":"owner","value":"SergeiT"},{"name":"feature","value":"Registration page"},{"name":"parentSuite","value":"app.tests"},{"name":"suite","value":"test_registration_page"},{"name":"host","value":"fv-az554-472"},{"name":"thread","value":"2432-MainThread"},{"name":"framework","value":"pytest"},{"name":"language","value":"cpython3"},{"name":"package","value":"app.tests.test_registration_page"},{"name":"resultFormat","value":"allure2"}],"parameters":[],"links":[],"hidden":false,"retry":false,"extra":{"severity":"normal","owner":"SergeiT","retries":[],"categories":[{"name":"Test defects","matchedStatuses":[],"flaky":false}],"history":{"statistic":{"failed":0,"broken":13,"skipped":0,"passed":0,"unknown":0,"total":13},"items":[{"uid":"d05756947f6fdc30","reportUrl":"https://uraniumcore238.github.io/cfi/17//#testresult/d05756947f6fdc30","status":"broken","statusDetails":"selenium.common.exceptions.InvalidArgumentException: Message: invalid argument\n  (Session info: chrome=114.0.5735.133)\nStacktrace:\n#0 0x5640b8bef4e3 <unknown>\n#1 0x5640b891eb00 <unknown>\n#2 0x5640b89087de <unknown>\n#3 0x5640b8906bac <unknown>\n#4 0x5640b8906fed <unknown>\n#5 0x5640b8920b06 <unknown>\n#6 0x5640b89929e5 <unknown>\n#7 0x5640b897a012 <unknown>\n#8 0x5640b899230e <unknown>\n#9 0x5640b8979de3 <unknown>\n#10 0x5640b894f2dd <unknown>\n#11 0x5640b895034e <unknown>\n#12 0x5640b8baf3e4 <unknown>\n#13 0x5640b8bb33d7 <unknown>\n#14 0x5640b8bbdb20 <unknown>\n#15 0x5640b8bb4023 <unknown>\n#16 0x5640b8b821aa <unknown>\n#17 0x5640b8bd86b8 <unknown>\n#18 0x5640b8bd8847 <unknown>\n#19 0x5640b8be8243 <unknown>\n#20 0x7f10ed0d0b43 <unknown>","time":{"start":1688584078607,"stop":1688584078614,"duration":7}},{"uid":"3e21dcfd540b077a","reportUrl":"https://uraniumcore238.github.io/cfi/16//#testresult/3e21dcfd540b077a","status":"broken","statusDetails":"selenium.common.exceptions.InvalidArgumentException: Message: invalid argument\n  (Session info: chrome=114.0.5735.133)\nStacktrace:\n#0 0x562af3ed54e3 <unknown>\n#1 0x562af3c04b00 <unknown>\n#2 0x562af3bee7de <unknown>\n#3 0x562af3becbac <unknown>\n#4 0x562af3becfed <unknown>\n#5 0x562af3c06b06 <unknown>\n#6 0x562af3c789e5 <unknown>\n#7 0x562af3c60012 <unknown>\n#8 0x562af3c7830e <unknown>\n#9 0x562af3c5fde3 <unknown>\n#10 0x562af3c352dd <unknown>\n#11 0x562af3c3634e <unknown>\n#12 0x562af3e953e4 <unknown>\n#13 0x562af3e993d7 <unknown>\n#14 0x562af3ea3b20 <unknown>\n#15 0x562af3e9a023 <unknown>\n#16 0x562af3e681aa <unknown>\n#17 0x562af3ebe6b8 <unknown>\n#18 0x562af3ebe847 <unknown>\n#19 0x562af3ece243 <unknown>\n#20 0x7f8fa2f80b43 <unknown>","time":{"start":1688583144332,"stop":1688583144345,"duration":13}},{"uid":"bfa76cd0a14613e1","reportUrl":"https://uraniumcore238.github.io/cfi/15//#testresult/bfa76cd0a14613e1","status":"broken","statusDetails":"selenium.common.exceptions.InvalidArgumentException: Message: invalid argument\n  (Session info: chrome=114.0.5735.133)\nStacktrace:\n#0 0x55b7c864c4e3 <unknown>\n#1 0x55b7c837bb00 <unknown>\n#2 0x55b7c83657de <unknown>\n#3 0x55b7c8363bac <unknown>\n#4 0x55b7c8363fed <unknown>\n#5 0x55b7c837db06 <unknown>\n#6 0x55b7c83ef9e5 <unknown>\n#7 0x55b7c83d7012 <unknown>\n#8 0x55b7c83ef30e <unknown>\n#9 0x55b7c83d6de3 <unknown>\n#10 0x55b7c83ac2dd <unknown>\n#11 0x55b7c83ad34e <unknown>\n#12 0x55b7c860c3e4 <unknown>\n#13 0x55b7c86103d7 <unknown>\n#14 0x55b7c861ab20 <unknown>\n#15 0x55b7c8611023 <unknown>\n#16 0x55b7c85df1aa <unknown>\n#17 0x55b7c86356b8 <unknown>\n#18 0x55b7c8635847 <unknown>\n#19 0x55b7c8645243 <unknown>\n#20 0x7f2cf63a7b43 <unknown>","time":{"start":1688581909230,"stop":1688581909245,"duration":15}},{"uid":"8f0cec27a55a0d38","reportUrl":"https://uraniumcore238.github.io/cfi/14//#testresult/8f0cec27a55a0d38","status":"broken","statusDetails":"selenium.common.exceptions.InvalidArgumentException: Message: invalid argument\n  (Session info: chrome=113.0.5672.126)\nStacktrace:\n#0 0x55b2ff0c3133 <unknown>\n#1 0x55b2fedf77f0 <unknown>\n#2 0x55b2fede197e <unknown>\n#3 0x55b2feddfd03 <unknown>\n#4 0x55b2fede014d <unknown>\n#5 0x55b2fedf9746 <unknown>\n#6 0x55b2fee6c8b5 <unknown>\n#7 0x55b2fee53bd2 <unknown>\n#8 0x55b2fee6c1c7 <unknown>\n#9 0x55b2fee539a3 <unknown>\n#10 0x55b2fee2846a <unknown>\n#11 0x55b2fee2955e <unknown>\n#12 0x55b2ff082cae <unknown>\n#13 0x55b2ff0868fe <unknown>\n#14 0x55b2ff08ff20 <unknown>\n#15 0x55b2ff087923 <unknown>\n#16 0x55b2ff05ac0e <unknown>\n#17 0x55b2ff0aab08 <unknown>\n#18 0x55b2ff0aac97 <unknown>\n#19 0x55b2ff0bb113 <unknown>\n#20 0x7f91e14a0b43 <unknown>","time":{"start":1685731937854,"stop":1685731937862,"duration":8}},{"uid":"9c99ae9e5a9caae3","reportUrl":"https://uraniumcore238.github.io/cfi/13//#testresult/9c99ae9e5a9caae3","status":"broken","statusDetails":"selenium.common.exceptions.InvalidArgumentException: Message: invalid argument\n  (Session info: chrome=112.0.5615.165)\nStacktrace:\n#0 0x55838a508fe3 <unknown>\n#1 0x55838a247bc1 <unknown>\n#2 0x55838a232446 <unknown>\n#3 0x55838a2307f3 <unknown>\n#4 0x55838a230c3d <unknown>\n#5 0x55838a249b16 <unknown>\n#6 0x55838a2be8c5 <unknown>\n#7 0x55838a2a58c2 <unknown>\n#8 0x55838a2be232 <unknown>\n#9 0x55838a2a5693 <unknown>\n#10 0x55838a27803a <unknown>\n#11 0x55838a27917e <unknown>\n#12 0x55838a4cadbd <unknown>\n#13 0x55838a4cec6c <unknown>\n#14 0x55838a4d84b0 <unknown>\n#15 0x55838a4cfd63 <unknown>\n#16 0x55838a4a2c35 <unknown>\n#17 0x55838a4f3138 <unknown>\n#18 0x55838a4f32c7 <unknown>\n#19 0x55838a501093 <unknown>\n#20 0x7f2f49b58b43 <unknown>","time":{"start":1682965088759,"stop":1682965088765,"duration":6}},{"uid":"caf79b2bbb6cd7af","reportUrl":"https://uraniumcore238.github.io/cfi/12//#testresult/caf79b2bbb6cd7af","status":"broken","statusDetails":"selenium.common.exceptions.InvalidArgumentException: Message: invalid argument\n  (Session info: chrome=112.0.5615.165)\nStacktrace:\n#0 0x5646f7a35fe3 <unknown>\n#1 0x5646f7774bc1 <unknown>\n#2 0x5646f775f446 <unknown>\n#3 0x5646f775d7f3 <unknown>\n#4 0x5646f775dc3d <unknown>\n#5 0x5646f7776b16 <unknown>\n#6 0x5646f77eb8c5 <unknown>\n#7 0x5646f77d28c2 <unknown>\n#8 0x5646f77eb232 <unknown>\n#9 0x5646f77d2693 <unknown>\n#10 0x5646f77a503a <unknown>\n#11 0x5646f77a617e <unknown>\n#12 0x5646f79f7dbd <unknown>\n#13 0x5646f79fbc6c <unknown>\n#14 0x5646f7a054b0 <unknown>\n#15 0x5646f79fcd63 <unknown>\n#16 0x5646f79cfc35 <unknown>\n#17 0x5646f7a20138 <unknown>\n#18 0x5646f7a202c7 <unknown>\n#19 0x5646f7a2e093 <unknown>\n#20 0x7f5d34555b43 <unknown>","time":{"start":1682964780092,"stop":1682964780102,"duration":10}},{"uid":"9c9e83e977d9d166","reportUrl":"https://uraniumcore238.github.io/cfi/11//#testresult/9c9e83e977d9d166","status":"broken","statusDetails":"KeyError: 'headless'","time":{"start":1682964573153,"stop":1682964573153,"duration":0}},{"uid":"a7f053426c58882c","reportUrl":"https://uraniumcore238.github.io/cfi/11//#testresult/a7f053426c58882c","status":"broken","statusDetails":"KeyError: 'headless'","time":{"start":1682964042595,"stop":1682964042595,"duration":0}},{"uid":"a74e113e46bf1132","reportUrl":"https://uraniumcore238.github.io/cfi/10//#testresult/a74e113e46bf1132","status":"broken","statusDetails":"selenium.common.exceptions.InvalidArgumentException: Message: invalid argument\n  (Session info: chrome=112.0.5615.165)\nStacktrace:\n#0 0x55f7e3341fe3 <unknown>\n#1 0x55f7e3080bc1 <unknown>\n#2 0x55f7e306b446 <unknown>\n#3 0x55f7e30697f3 <unknown>\n#4 0x55f7e3069c3d <unknown>\n#5 0x55f7e3082b16 <unknown>\n#6 0x55f7e30f78c5 <unknown>\n#7 0x55f7e30de8c2 <unknown>\n#8 0x55f7e30f7232 <unknown>\n#9 0x55f7e30de693 <unknown>\n#10 0x55f7e30b103a <unknown>\n#11 0x55f7e30b217e <unknown>\n#12 0x55f7e3303dbd <unknown>\n#13 0x55f7e3307c6c <unknown>\n#14 0x55f7e33114b0 <unknown>\n#15 0x55f7e3308d63 <unknown>\n#16 0x55f7e32dbc35 <unknown>\n#17 0x55f7e332c138 <unknown>\n#18 0x55f7e332c2c7 <unknown>\n#19 0x55f7e333a093 <unknown>\n#20 0x7f5d875b5b43 <unknown>","time":{"start":1682963844042,"stop":1682963844048,"duration":6}},{"uid":"8ee0b9da5fc6c5a7","reportUrl":"https://uraniumcore238.github.io/cfi/9//#testresult/8ee0b9da5fc6c5a7","status":"broken","statusDetails":"selenium.common.exceptions.InvalidArgumentException: Message: invalid argument\n  (Session info: chrome=112.0.5615.165)\nStacktrace:\n#0 0x563926383fe3 <unknown>\n#1 0x5639260c2bc1 <unknown>\n#2 0x5639260ad446 <unknown>\n#3 0x5639260ab7f3 <unknown>\n#4 0x5639260abc3d <unknown>\n#5 0x5639260c4b16 <unknown>\n#6 0x5639261398c5 <unknown>\n#7 0x5639261208c2 <unknown>\n#8 0x563926139232 <unknown>\n#9 0x563926120693 <unknown>\n#10 0x5639260f303a <unknown>\n#11 0x5639260f417e <unknown>\n#12 0x563926345dbd <unknown>\n#13 0x563926349c6c <unknown>\n#14 0x5639263534b0 <unknown>\n#15 0x56392634ad63 <unknown>\n#16 0x56392631dc35 <unknown>\n#17 0x56392636e138 <unknown>\n#18 0x56392636e2c7 <unknown>\n#19 0x56392637c093 <unknown>\n#20 0x7f56effa1b43 <unknown>","time":{"start":1682963295288,"stop":1682963295293,"duration":5}},{"uid":"9cdf79cec6670c2a","reportUrl":"https://uraniumcore238.github.io/cfi/6//#testresult/9cdf79cec6670c2a","status":"broken","statusDetails":"selenium.common.exceptions.WebDriverException: Message: unknown error: Chrome failed to start: exited abnormally.\n  (unknown error: DevToolsActivePort file doesn't exist)\n  (The process started from chrome location /usr/bin/google-chrome is no longer running, so ChromeDriver is assuming that Chrome has crashed.)\nStacktrace:\n#0 0x558d537effe3 <unknown>\n#1 0x558d5352ed36 <unknown>\n#2 0x558d53557b20 <unknown>\n#3 0x558d53553a9b <unknown>\n#4 0x558d53595af7 <unknown>\n#5 0x558d5359511f <unknown>\n#6 0x558d5358c693 <unknown>\n#7 0x558d5355f03a <unknown>\n#8 0x558d5356017e <unknown>\n#9 0x558d537b1dbd <unknown>\n#10 0x558d537b5c6c <unknown>\n#11 0x558d537bf4b0 <unknown>\n#12 0x558d537b6d63 <unknown>\n#13 0x558d53789c35 <unknown>\n#14 0x558d537da138 <unknown>\n#15 0x558d537da2c7 <unknown>\n#16 0x558d537e8093 <unknown>\n#17 0x7fd9783ceb43 <unknown>","time":{"start":1682960513795,"stop":1682960513795,"duration":0}},{"uid":"39928761992846a1","reportUrl":"https://uraniumcore238.github.io/cfi/5//#testresult/39928761992846a1","status":"broken","statusDetails":"selenium.common.exceptions.WebDriverException: Message: unknown error: Chrome failed to start: exited abnormally.\n  (unknown error: DevToolsActivePort file doesn't exist)\n  (The process started from chrome location /usr/bin/google-chrome is no longer running, so ChromeDriver is assuming that Chrome has crashed.)\nStacktrace:\n#0 0x56484c48efe3 <unknown>\n#1 0x56484c1cdd36 <unknown>\n#2 0x56484c1f6b20 <unknown>\n#3 0x56484c1f2a9b <unknown>\n#4 0x56484c234af7 <unknown>\n#5 0x56484c23411f <unknown>\n#6 0x56484c22b693 <unknown>\n#7 0x56484c1fe03a <unknown>\n#8 0x56484c1ff17e <unknown>\n#9 0x56484c450dbd <unknown>\n#10 0x56484c454c6c <unknown>\n#11 0x56484c45e4b0 <unknown>\n#12 0x56484c455d63 <unknown>\n#13 0x56484c428c35 <unknown>\n#14 0x56484c479138 <unknown>\n#15 0x56484c4792c7 <unknown>\n#16 0x56484c487093 <unknown>\n#17 0x7fa2a702eb43 <unknown>","time":{"start":1682960285458,"stop":1682960285458,"duration":0}}]},"tags":["id 1.4"]},"source":"9cf77de4e7022d0e.json","parameterValues":[]}